<?xml version="1.0" encoding="UTF-8"?>
<!-- Generated by org.testng.reporters.JUnitReportReporter -->
<testsuite hostname="INMAADEEPANAN4P" failures="0" tests="1" name="TestMaven.Checkmaven" time="0.004" errors="0" timestamp="2021-03-04T08:16:36 IST" skipped="0">
  <testcase classname="TestMaven.Checkmaven" name="Test1" time="0.004"/>
  <system-out/>
</testsuite> <!-- TestMaven.Checkmaven -->
